#
# There is insufficient memory for the Java Runtime Environment to continue.
# Native memory allocation (malloc) failed to allocate 262160 bytes for Chunk::new
# Possible reasons:
#   The system is out of physical RAM or swap space
#   The process is running with CompressedOops enabled, and the Java Heap may be blocking the growth of the native heap
# Possible solutions:
#   Reduce memory load on the system
#   Increase physical memory or swap space
#   Check if swap backing store is full
#   Decrease Java heap size (-Xmx/-Xms)
#   Decrease number of Java threads
#   Decrease Java thread stack sizes (-Xss)
#   Set larger code cache with -XX:ReservedCodeCacheSize=
#   JVM is running with Unscaled Compressed Oops mode in which the Java heap is
#     placed in the first 4GB address space. The Java Heap base address is the
#     maximum limit for the native heap growth. Please use -XX:HeapBaseMinAddress
#     to set the Java Heap base and to place the Java Heap above 4GB virtual address.
# This output file may be truncated or incomplete.
#
#  Out of Memory Error (allocation.cpp:389), pid=9908, tid=0x0000000000004318
#
# JRE version: OpenJDK Runtime Environment (8.0_202-b03) (build 1.8.0_202-release-1483-b03)
# Java VM: OpenJDK 64-Bit Server VM (25.202-b03 mixed mode windows-amd64 compressed oops)
# Failed to write core dump. Minidumps are not enabled by default on client versions of Windows
#

---------------  T H R E A D  ---------------

Current thread (0x0000000015f2f800):  JavaThread "C2 CompilerThread1" daemon [_thread_in_native, id=17176, stack(0x0000000017690000,0x0000000017790000)]

Stack: [0x0000000017690000,0x0000000017790000]
[error occurred during error reporting (printing stack bounds), id 0xc0000005]

Native frames: (J=compiled Java code, j=interpreted, Vv=VM code, C=native code)


Current CompileTask:
C2:  14450 4162       4       org.objectweb.asm.Frame::execute (2318 bytes)


---------------  P R O C E S S  ---------------

Java Threads: ( => current thread )
  0x0000000018b71000 JavaThread "Cache worker for Build Output Cleanup Cache (C:\Users\gustavomaia\Desktop\AndroidApps\VVM-SH\.gradle\buildOutputCleanup)" [_thread_blocked, id=6140, stack(0x0000000021750000,0x0000000021850000)]
  0x0000000018b6f800 JavaThread "Build operations Thread 4" [_thread_blocked, id=18244, stack(0x0000000021450000,0x0000000021550000)]
  0x0000000018b6e800 JavaThread "Build operations Thread 3" [_thread_blocked, id=20132, stack(0x0000000021350000,0x0000000021450000)]
  0x0000000018b6e000 JavaThread "Build operations Thread 2" [_thread_blocked, id=20268, stack(0x0000000021250000,0x0000000021350000)]
  0x0000000018b66800 JavaThread "Build operations" [_thread_blocked, id=20596, stack(0x0000000021150000,0x0000000021250000)]
  0x0000000018b6c800 JavaThread "Cache worker for execution history cache (C:\Users\gustavomaia\.gradle\caches\5.4.1\executionHistory)" [_thread_blocked, id=17412, stack(0x000000001fc80000,0x000000001fd80000)]
  0x0000000018b65000 JavaThread "Cache worker for cache directory md-rule (C:\Users\gustavomaia\.gradle\caches\5.4.1\md-rule)" [_thread_blocked, id=17348, stack(0x000000001fb80000,0x000000001fc80000)]
  0x0000000018b6a000 JavaThread "Cache worker for cache directory md-supplier (C:\Users\gustavomaia\.gradle\caches\5.4.1\md-supplier)" [_thread_blocked, id=3080, stack(0x000000001e840000,0x000000001e940000)]
  0x0000000018b67000 JavaThread "Cache worker for file hash cache (C:\Users\gustavomaia\Desktop\AndroidApps\VVM-SH\.gradle\5.4.1\fileHashes)" [_thread_blocked, id=20928, stack(0x000000001e120000,0x000000001e220000)]
  0x0000000018b69800 JavaThread "Cache worker for journal cache (C:\Users\gustavomaia\.gradle\caches\journal-1)" [_thread_blocked, id=8040, stack(0x000000001bcd0000,0x000000001bdd0000)]
  0x0000000018b63800 JavaThread "File lock request listener" [_thread_in_native, id=13020, stack(0x000000001bbd0000,0x000000001bcd0000)]
  0x0000000018b68000 JavaThread "Cache worker for file hash cache (C:\Users\gustavomaia\.gradle\caches\5.4.1\fileHashes)" [_thread_blocked, id=6440, stack(0x000000001b8d0000,0x000000001b9d0000)]
  0x000000001895a000 JavaThread "Thread-9" [_thread_blocked, id=16872, stack(0x000000001b7d0000,0x000000001b8d0000)]
  0x0000000018959000 JavaThread "Stdin handler" [_thread_blocked, id=10832, stack(0x000000001b6d0000,0x000000001b7d0000)]
  0x000000001895a800 JavaThread "Asynchronous log dispatcher for DefaultDaemonConnection: socket connection from /127.0.0.1:56695 to /127.0.0.1:56696" [_thread_blocked, id=17692, stack(0x000000001b5d0000,0x000000001b6d0000)]
  0x000000001895f000 JavaThread "Daemon worker" [_thread_in_native, id=9740, stack(0x000000001b4d0000,0x000000001b5d0000)]
  0x000000001895c000 JavaThread "Cancel handler" [_thread_blocked, id=8344, stack(0x000000001b3d0000,0x000000001b4d0000)]
  0x000000001895d000 JavaThread "Handler for socket connection from /127.0.0.1:56695 to /127.0.0.1:56696" [_thread_in_native, id=15228, stack(0x000000001b0d0000,0x000000001b1d0000)]
  0x000000001895e800 JavaThread "Daemon" [_thread_blocked, id=17008, stack(0x000000001afd0000,0x000000001b0d0000)]
  0x000000001895d800 JavaThread "Daemon periodic checks" [_thread_blocked, id=16928, stack(0x000000001aed0000,0x000000001afd0000)]
  0x000000001895b800 JavaThread "Incoming local TCP Connector on port 56695" [_thread_in_native, id=10772, stack(0x000000001ac70000,0x000000001ad70000)]
  0x0000000018958800 JavaThread "Daemon health stats" [_thread_blocked, id=21268, stack(0x000000001a630000,0x000000001a730000)]
  0x0000000017895800 JavaThread "Service Thread" daemon [_thread_blocked, id=12176, stack(0x0000000017c90000,0x0000000017d90000)]
  0x0000000015f89000 JavaThread "C1 CompilerThread2" daemon [_thread_blocked, id=4376, stack(0x0000000017790000,0x0000000017890000)]
=>0x0000000015f2f800 JavaThread "C2 CompilerThread1" daemon [_thread_in_native, id=17176, stack(0x0000000017690000,0x0000000017790000)]
  0x0000000015f2b800 JavaThread "C2 CompilerThread0" daemon [_thread_in_native, id=5232, stack(0x0000000017590000,0x0000000017690000)]
  0x0000000015f2a000 JavaThread "Attach Listener" daemon [_thread_blocked, id=11940, stack(0x0000000017490000,0x0000000017590000)]
  0x0000000015f29000 JavaThread "Signal Dispatcher" daemon [_thread_blocked, id=15344, stack(0x0000000017390000,0x0000000017490000)]
  0x00000000025bb000 JavaThread "Finalizer" daemon [_thread_blocked, id=11188, stack(0x0000000017180000,0x0000000017280000)]
  0x0000000015f19000 JavaThread "Reference Handler" daemon [_thread_blocked, id=15728, stack(0x0000000017080000,0x0000000017180000)]
  0x00000000024be000 JavaThread "main" [_thread_blocked, id=21372, stack(0x00000000023a0000,0x00000000024a0000)]

Other Threads:
  0x0000000015ef7000 VMThread [stack: 0x0000000016f80000,0x0000000017080000] [id=12152]
  0x0000000017896000 WatcherThread [stack: 0x0000000017d90000,0x0000000017e90000] [id=5704]

VM state:not at safepoint (normal execution)

VM Mutex/Monitor currently owned by a thread: None

heap address: 0x00000000a0000000, size: 1536 MB, Compressed Oops mode: 32-bit
Narrow klass base: 0x0000000000000000, Narrow klass shift: 3
Compressed class space size: 1073741824 Address: 0x0000000100000000

Heap:
 PSYoungGen      total 117248K, used 96849K [0x00000000e0000000, 0x00000000ea780000, 0x0000000100000000)
  eden space 105984K, 91% used [0x00000000e0000000,0x00000000e5e946b0,0x00000000e6780000)
  from space 11264K, 0% used [0x00000000e6780000,0x00000000e6780000,0x00000000e7280000)
  to   space 12288K, 0% used [0x00000000e9b80000,0x00000000e9b80000,0x00000000ea780000)
 ParOldGen       total 93184K, used 17401K [0x00000000a0000000, 0x00000000a5b00000, 0x00000000e0000000)
  object space 93184K, 18% used [0x00000000a0000000,0x00000000a10fe5b0,0x00000000a5b00000)
 Metaspace       used 44869K, capacity 46228K, committed 46464K, reserved 1089536K
  class space    used 5977K, capacity 6259K, committed 6272K, reserved 1048576K

Card table byte_map: [0x0000000011980000,0x0000000011c90000] byte_map_base: 0x0000000011480000

Marking Bits: (ParMarkBitMap*) 0x0000000069009f30
 Begin Bits: [0x0000000012290000, 0x0000000013a90000)
 End Bits:   [0x0000000013a90000, 0x0000000015290000)

Polling page: 0x00000000003e0000

CodeCache: size=245760Kb used=13771Kb max_used=13783Kb free=231988Kb
 bounds [0x00000000025c0000, 0x0000000003350000, 0x00000000115c0000]
 total_blobs=4692 nmethods=3928 adapters=677
 compilation: enabled

Compilation events (10 events):
Event: 14.419 Thread 0x0000000015f89000 nmethod 4196 0x0000000003339450 code [0x0000000003339600, 0x0000000003339ad8]
Event: 14.419 Thread 0x0000000015f89000 4198       3       com.google.common.collect.CompactHashMap::put (220 bytes)
Event: 14.421 Thread 0x0000000015f89000 nmethod 4198 0x000000000333c890 code [0x000000000333cb00, 0x000000000333da88]
Event: 14.421 Thread 0x0000000015f89000 4199       3       com.google.common.collect.CompactHashMap::resizeMeMaybe (39 bytes)
Event: 14.422 Thread 0x0000000015f89000 nmethod 4199 0x0000000003338e50 code [0x0000000003338fc0, 0x0000000003339348]
Event: 14.424 Thread 0x0000000015f2b800 4200       4       com.google.common.collect.RegularImmutableSet::iterator (8 bytes)
Event: 14.427 Thread 0x0000000015f89000 4201       3       java.lang.Class$AnnotationData::<init> (20 bytes)
Event: 14.427 Thread 0x0000000015f89000 nmethod 4201 0x000000000332e6d0 code [0x000000000332e820, 0x000000000332ea10]
Event: 14.428 Thread 0x0000000015f2b800 nmethod 4200 0x0000000003338950 code [0x0000000003338aa0, 0x0000000003338c48]
Event: 14.428 Thread 0x0000000015f2b800 4202       4       org.objectweb.asm.Type::appendDescriptor (234 bytes)

GC Heap History (10 events):
Event: 6.568 GC heap before
{Heap before GC invocations=7 (full 1):
 PSYoungGen      total 77312K, used 7404K [0x00000000e0000000, 0x00000000e5600000, 0x0000000100000000)
  eden space 66560K, 0% used [0x00000000e0000000,0x00000000e0000000,0x00000000e4100000)
  from space 10752K, 68% used [0x00000000e4b80000,0x00000000e52bb3f0,0x00000000e5600000)
  to   space 10752K, 0% used [0x00000000e4100000,0x00000000e4100000,0x00000000e4b80000)
 ParOldGen       total 87552K, used 8706K [0x00000000a0000000, 0x00000000a5580000, 0x00000000e0000000)
  object space 87552K, 9% used [0x00000000a0000000,0x00000000a0880a00,0x00000000a5580000)
 Metaspace       used 20701K, capacity 21172K, committed 21296K, reserved 1067008K
  class space    used 2963K, capacity 3129K, committed 3200K, reserved 1048576K
Event: 6.633 GC heap after
Heap after GC invocations=7 (full 1):
 PSYoungGen      total 77312K, used 0K [0x00000000e0000000, 0x00000000e5600000, 0x0000000100000000)
  eden space 66560K, 0% used [0x00000000e0000000,0x00000000e0000000,0x00000000e4100000)
  from space 10752K, 0% used [0x00000000e4b80000,0x00000000e4b80000,0x00000000e5600000)
  to   space 10752K, 0% used [0x00000000e4100000,0x00000000e4100000,0x00000000e4b80000)
 ParOldGen       total 60416K, used 8721K [0x00000000a0000000, 0x00000000a3b00000, 0x00000000e0000000)
  object space 60416K, 14% used [0x00000000a0000000,0x00000000a08847e8,0x00000000a3b00000)
 Metaspace       used 20701K, capacity 21172K, committed 21296K, reserved 1067008K
  class space    used 2963K, capacity 3129K, committed 3200K, reserved 1048576K
}
Event: 8.107 GC heap before
{Heap before GC invocations=8 (full 1):
 PSYoungGen      total 77312K, used 66560K [0x00000000e0000000, 0x00000000e5600000, 0x0000000100000000)
  eden space 66560K, 100% used [0x00000000e0000000,0x00000000e4100000,0x00000000e4100000)
  from space 10752K, 0% used [0x00000000e4b80000,0x00000000e4b80000,0x00000000e5600000)
  to   space 10752K, 0% used [0x00000000e4100000,0x00000000e4100000,0x00000000e4b80000)
 ParOldGen       total 60416K, used 8721K [0x00000000a0000000, 0x00000000a3b00000, 0x00000000e0000000)
  object space 60416K, 14% used [0x00000000a0000000,0x00000000a08847e8,0x00000000a3b00000)
 Metaspace       used 28426K, capacity 29020K, committed 29312K, reserved 1075200K
  class space    used 3910K, capacity 4099K, committed 4224K, reserved 1048576K
Event: 8.125 GC heap after
Heap after GC invocations=8 (full 1):
 PSYoungGen      total 77312K, used 7651K [0x00000000e0000000, 0x00000000e7d00000, 0x0000000100000000)
  eden space 66560K, 0% used [0x00000000e0000000,0x00000000e0000000,0x00000000e4100000)
  from space 10752K, 71% used [0x00000000e4100000,0x00000000e4878e20,0x00000000e4b80000)
  to   space 10752K, 0% used [0x00000000e7280000,0x00000000e7280000,0x00000000e7d00000)
 ParOldGen       total 60416K, used 8729K [0x00000000a0000000, 0x00000000a3b00000, 0x00000000e0000000)
  object space 60416K, 14% used [0x00000000a0000000,0x00000000a08867e8,0x00000000a3b00000)
 Metaspace       used 28426K, capacity 29020K, committed 29312K, reserved 1075200K
  class space    used 3910K, capacity 4099K, committed 4224K, reserved 1048576K
}
Event: 10.148 GC heap before
{Heap before GC invocations=9 (full 1):
 PSYoungGen      total 77312K, used 74194K [0x00000000e0000000, 0x00000000e7d00000, 0x0000000100000000)
  eden space 66560K, 99% used [0x00000000e0000000,0x00000000e40fbd68,0x00000000e4100000)
  from space 10752K, 71% used [0x00000000e4100000,0x00000000e4878e20,0x00000000e4b80000)
  to   space 10752K, 0% used [0x00000000e7280000,0x00000000e7280000,0x00000000e7d00000)
 ParOldGen       total 60416K, used 8729K [0x00000000a0000000, 0x00000000a3b00000, 0x00000000e0000000)
  object space 60416K, 14% used [0x00000000a0000000,0x00000000a08867e8,0x00000000a3b00000)
 Metaspace       used 31992K, capacity 32828K, committed 32896K, reserved 1077248K
  class space    used 4462K, capacity 4669K, committed 4736K, reserved 1048576K
Event: 10.183 GC heap after
Heap after GC invocations=9 (full 1):
 PSYoungGen      total 116736K, used 9621K [0x00000000e0000000, 0x00000000e7e80000, 0x0000000100000000)
  eden space 105984K, 0% used [0x00000000e0000000,0x00000000e0000000,0x00000000e6780000)
  from space 10752K, 89% used [0x00000000e7280000,0x00000000e7be5578,0x00000000e7d00000)
  to   space 11264K, 0% used [0x00000000e6780000,0x00000000e6780000,0x00000000e7280000)
 ParOldGen       total 60416K, used 8737K [0x00000000a0000000, 0x00000000a3b00000, 0x00000000e0000000)
  object space 60416K, 14% used [0x00000000a0000000,0x00000000a08887e8,0x00000000a3b00000)
 Metaspace       used 31992K, capacity 32828K, committed 32896K, reserved 1077248K
  class space    used 4462K, capacity 4669K, committed 4736K, reserved 1048576K
}
Event: 11.636 GC heap before
{Heap before GC invocations=10 (full 1):
 PSYoungGen      total 116736K, used 53912K [0x00000000e0000000, 0x00000000e7e80000, 0x0000000100000000)
  eden space 105984K, 41% used [0x00000000e0000000,0x00000000e2b40b30,0x00000000e6780000)
  from space 10752K, 89% used [0x00000000e7280000,0x00000000e7be5578,0x00000000e7d00000)
  to   space 11264K, 0% used [0x00000000e6780000,0x00000000e6780000,0x00000000e7280000)
 ParOldGen       total 60416K, used 8737K [0x00000000a0000000, 0x00000000a3b00000, 0x00000000e0000000)
  object space 60416K, 14% used [0x00000000a0000000,0x00000000a08887e8,0x00000000a3b00000)
 Metaspace       used 34503K, capacity 35406K, committed 35456K, reserved 1079296K
  class space    used 4754K, capacity 4959K, committed 4992K, reserved 1048576K
Event: 11.669 GC heap after
Heap after GC invocations=10 (full 1):
 PSYoungGen      total 117248K, used 10274K [0x00000000e0000000, 0x00000000ea780000, 0x0000000100000000)
  eden space 105984K, 0% used [0x00000000e0000000,0x00000000e0000000,0x00000000e6780000)
  from space 11264K, 91% used [0x00000000e6780000,0x00000000e7188b10,0x00000000e7280000)
  to   space 12288K, 0% used [0x00000000e9b80000,0x00000000e9b80000,0x00000000ea780000)
 ParOldGen       total 60416K, used 8745K [0x00000000a0000000, 0x00000000a3b00000, 0x00000000e0000000)
  object space 60416K, 14% used [0x00000000a0000000,0x00000000a088a7e8,0x00000000a3b00000)
 Metaspace       used 34503K, capacity 35406K, committed 35456K, reserved 1079296K
  class space    used 4754K, capacity 4959K, committed 4992K, reserved 1048576K
}
Event: 11.669 GC heap before
{Heap before GC invocations=11 (full 2):
 PSYoungGen      total 117248K, used 10274K [0x00000000e0000000, 0x00000000ea780000, 0x0000000100000000)
  eden space 105984K, 0% used [0x00000000e0000000,0x00000000e0000000,0x00000000e6780000)
  from space 11264K, 91% used [0x00000000e6780000,0x00000000e7188b10,0x00000000e7280000)
  to   space 12288K, 0% used [0x00000000e9b80000,0x00000000e9b80000,0x00000000ea780000)
 ParOldGen       total 60416K, used 8745K [0x00000000a0000000, 0x00000000a3b00000, 0x00000000e0000000)
  object space 60416K, 14% used [0x00000000a0000000,0x00000000a088a7e8,0x00000000a3b00000)
 Metaspace       used 34503K, capacity 35406K, committed 35456K, reserved 1079296K
  class space    used 4754K, capacity 4959K, committed 4992K, reserved 1048576K
Event: 11.804 GC heap after
Heap after GC invocations=11 (full 2):
 PSYoungGen      total 117248K, used 0K [0x00000000e0000000, 0x00000000ea780000, 0x0000000100000000)
  eden space 105984K, 0% used [0x00000000e0000000,0x00000000e0000000,0x00000000e6780000)
  from space 11264K, 0% used [0x00000000e6780000,0x00000000e6780000,0x00000000e7280000)
  to   space 12288K, 0% used [0x00000000e9b80000,0x00000000e9b80000,0x00000000ea780000)
 ParOldGen       total 93184K, used 17401K [0x00000000a0000000, 0x00000000a5b00000, 0x00000000e0000000)
  object space 93184K, 18% used [0x00000000a0000000,0x00000000a10fe5b0,0x00000000a5b00000)
 Metaspace       used 34503K, capacity 35406K, committed 35456K, reserved 1079296K
  class space    used 4754K, capacity 4959K, committed 4992K, reserved 1048576K
}

Deoptimization events (10 events):
Event: 13.492 Thread 0x000000001895f000 Uncommon trap: reason=unstable_if action=reinterpret pc=0x0000000002a7d410 method=java.util.regex.Pattern.has(I)Z @ 6
Event: 13.542 Thread 0x000000001895f000 Uncommon trap: reason=bimorphic action=maybe_recompile pc=0x00000000027efec0 method=java.util.Objects.equals(Ljava/lang/Object;Ljava/lang/Object;)Z @ 11
Event: 13.542 Thread 0x000000001895f000 Uncommon trap: reason=bimorphic action=maybe_recompile pc=0x00000000027efec0 method=java.util.Objects.equals(Ljava/lang/Object;Ljava/lang/Object;)Z @ 11
Event: 13.542 Thread 0x000000001895f000 Uncommon trap: reason=bimorphic action=maybe_recompile pc=0x00000000027efec0 method=java.util.Objects.equals(Ljava/lang/Object;Ljava/lang/Object;)Z @ 11
Event: 13.542 Thread 0x000000001895f000 Uncommon trap: reason=bimorphic action=maybe_recompile pc=0x00000000027efec0 method=java.util.Objects.equals(Ljava/lang/Object;Ljava/lang/Object;)Z @ 11
Event: 13.610 Thread 0x000000001895f000 Uncommon trap: reason=unstable_if action=reinterpret pc=0x000000000325be64 method=java.lang.Integer.valueOf(I)Ljava/lang/Integer; @ 3
Event: 13.615 Thread 0x000000001895f000 Uncommon trap: reason=predicate action=maybe_recompile pc=0x0000000002fd2248 method=java.util.Arrays.binarySearch0([Ljava/lang/Object;IILjava/lang/Object;Ljava/util/Comparator;)I @ 28
Event: 13.671 Thread 0x000000001895f000 Uncommon trap: reason=unstable_if action=reinterpret pc=0x0000000002ffd28c method=java.security.CodeSource.hashCode()I @ 4
Event: 14.355 Thread 0x000000001895f000 Uncommon trap: reason=unstable_if action=reinterpret pc=0x00000000032ecd98 method=java.util.concurrent.ConcurrentHashMap.addCount(JI)V @ 110
Event: 14.355 Thread 0x000000001895f000 Uncommon trap: reason=unstable_if action=reinterpret pc=0x000000000329b86c method=java.util.concurrent.ConcurrentHashMap.addCount(JI)V @ 110

Classes redefined (0 events):
No events

Internal exceptions (10 events):
Event: 12.354 Thread 0x000000001895f000 Exception <a 'java/lang/ClassNotFoundException': org/gradle/api/DefaultTaskBeanInfo> (0x00000000e10178d0) thrown at [D:\src\AOSP-openjdk-cygwin\jdk8u\hotspot\src\share\vm\classfile\systemDictionary.cpp, line 210]
Event: 12.355 Thread 0x000000001895f000 Exception <a 'java/lang/ClassNotFoundException': org/gradle/api/internal/AbstractTaskBeanInfo> (0x00000000e10459e8) thrown at [D:\src\AOSP-openjdk-cygwin\jdk8u\hotspot\src\share\vm\classfile\systemDictionary.cpp, line 210]
Event: 12.356 Thread 0x000000001895f000 Exception <a 'java/lang/ClassNotFoundException': org/gradle/api/internal/AbstractTaskCustomizer> (0x00000000e10747b8) thrown at [D:\src\AOSP-openjdk-cygwin\jdk8u\hotspot\src\share\vm\classfile\systemDictionary.cpp, line 210]
Event: 12.361 Thread 0x000000001895f000 Exception <a 'java/lang/ClassNotFoundException': org/gradle/api/DefaultTaskCustomizer> (0x00000000e10fd2e8) thrown at [D:\src\AOSP-openjdk-cygwin\jdk8u\hotspot\src\share\vm\classfile\systemDictionary.cpp, line 210]
Event: 12.362 Thread 0x000000001895f000 Exception <a 'java/lang/ClassNotFoundException': org/gradle/api/internal/ConventionTaskCustomizer> (0x00000000e113b700) thrown at [D:\src\AOSP-openjdk-cygwin\jdk8u\hotspot\src\share\vm\classfile\systemDictionary.cpp, line 210]
Event: 12.365 Thread 0x000000001895f000 Exception <a 'java/lang/ClassNotFoundException': org/gradle/api/tasks/DeleteCustomizer> (0x00000000e11770c8) thrown at [D:\src\AOSP-openjdk-cygwin\jdk8u\hotspot\src\share\vm\classfile\systemDictionary.cpp, line 210]
Event: 12.367 Thread 0x000000001895f000 Exception <a 'java/lang/ClassNotFoundException': org/gradle/api/tasks/Delete_DecoratedCustomizer> (0x00000000e11bfd00) thrown at [D:\src\AOSP-openjdk-cygwin\jdk8u\hotspot\src\share\vm\classfile\systemDictionary.cpp, line 210]
Event: 13.302 Thread 0x000000001895f000 Exception <a 'java/lang/ClassNotFoundException': build_26fxg11ppogjymnjahoveq6gBeanInfo> (0x00000000e2c8c608) thrown at [D:\src\AOSP-openjdk-cygwin\jdk8u\hotspot\src\share\vm\classfile\systemDictionary.cpp, line 210]
Event: 13.303 Thread 0x000000001895f000 Exception <a 'java/lang/ClassNotFoundException': build_26fxg11ppogjymnjahoveq6gCustomizer> (0x00000000e2c98228) thrown at [D:\src\AOSP-openjdk-cygwin\jdk8u\hotspot\src\share\vm\classfile\systemDictionary.cpp, line 210]
Event: 13.671 Thread 0x000000001895f000 Implicit null exception at 0x0000000002ffcf95 to 0x0000000002ffd27d

Events (10 events):
Event: 14.438 loading class com/android/prefs/AndroidLocation$AndroidLocationException
Event: 14.438 loading class com/android/prefs/AndroidLocation$AndroidLocationException done
Event: 14.439 loading class org/gradle/api/Project
Event: 14.439 loading class org/gradle/api/Project done
Event: 14.440 loading class com/android/prefs/AndroidLocation
Event: 14.440 loading class com/android/prefs/AndroidLocation done
Event: 14.441 loading class com/android/prefs/AndroidLocation$Global
Event: 14.441 loading class com/android/prefs/AndroidLocation$Global done
Event: 14.442 loading class com/android/builder/utils/FileCache
Event: 14.442 loading class com/android/builder/utils/FileCache done


Dynamic libraries:
0x00007ff6aba40000 - 0x00007ff6aba71000 	C:\Program Files\Android\Android Studio\jre\bin\java.exe
0x00007ffa100c0000 - 0x00007ffa102a1000 	C:\Windows\SYSTEM32\ntdll.dll
0x00007ffa0faa0000 - 0x00007ffa0fb51000 	C:\Windows\System32\KERNEL32.DLL
0x00007ffa0d110000 - 0x00007ffa0d383000 	C:\Windows\System32\KERNELBASE.dll
0x00007ffa0dbc0000 - 0x00007ffa0dc61000 	C:\Windows\System32\ADVAPI32.dll
0x00007ffa0daf0000 - 0x00007ffa0db8e000 	C:\Windows\System32\msvcrt.dll
0x00007ffa0d750000 - 0x00007ffa0d7ab000 	C:\Windows\System32\sechost.dll
0x00007ffa0d7b0000 - 0x00007ffa0d8d4000 	C:\Windows\System32\RPCRT4.dll
0x00007ffa0ff00000 - 0x00007ffa10090000 	C:\Windows\System32\USER32.dll
0x00007ffa0cf00000 - 0x00007ffa0cf20000 	C:\Windows\System32\win32u.dll
0x00007ffa0fa70000 - 0x00007ffa0fa98000 	C:\Windows\System32\GDI32.dll
0x00007ffa0cd60000 - 0x00007ffa0cef1000 	C:\Windows\System32\gdi32full.dll
0x00007ffa0d390000 - 0x00007ffa0d42f000 	C:\Windows\System32\msvcp_win.dll
0x00007ffa0cbe0000 - 0x00007ffa0ccd8000 	C:\Windows\System32\ucrtbase.dll
0x00007ff9fcb00000 - 0x00007ff9fcd69000 	C:\Windows\WinSxS\amd64_microsoft.windows.common-controls_6595b64144ccf1df_6.0.17134.1006_none_d3fbb8f77c940c3f\COMCTL32.dll
0x00007ffa0fb60000 - 0x00007ffa0fe81000 	C:\Windows\System32\combase.dll
0x00007ffa0cce0000 - 0x00007ffa0cd59000 	C:\Windows\System32\bcryptPrimitives.dll
0x00007ffa0db90000 - 0x00007ffa0dbbd000 	C:\Windows\System32\IMM32.DLL
0x0000000067a60000 - 0x0000000067b32000 	C:\Program Files\Android\Android Studio\jre\jre\bin\msvcr100.dll
0x0000000068840000 - 0x0000000069086000 	C:\Program Files\Android\Android Studio\jre\jre\bin\server\jvm.dll
0x00007ffa0da60000 - 0x00007ffa0da68000 	C:\Windows\System32\PSAPI.DLL
0x00007ffa07700000 - 0x00007ffa07709000 	C:\Windows\SYSTEM32\WSOCK32.dll
0x00007ffa0fe90000 - 0x00007ffa0fefc000 	C:\Windows\System32\WS2_32.dll
0x00007ffa0a030000 - 0x00007ffa0a053000 	C:\Windows\SYSTEM32\WINMM.dll
0x00007ffa0a620000 - 0x00007ffa0a62a000 	C:\Windows\SYSTEM32\VERSION.dll
0x00007ffa0a000000 - 0x00007ffa0a02a000 	C:\Windows\SYSTEM32\WINMMBASE.dll
0x00007ffa0cb90000 - 0x00007ffa0cbd9000 	C:\Windows\System32\cfgmgr32.dll
0x00007ffa06520000 - 0x00007ffa0652f000 	C:\Program Files\Android\Android Studio\jre\jre\bin\verify.dll
0x00007ffa06550000 - 0x00007ffa06579000 	C:\Program Files\Android\Android Studio\jre\jre\bin\java.dll
0x00007ffa06530000 - 0x00007ffa06546000 	C:\Program Files\Android\Android Studio\jre\jre\bin\zip.dll
0x00007ffa0e3d0000 - 0x00007ffa0f812000 	C:\Windows\System32\SHELL32.dll
0x00007ffa0d540000 - 0x00007ffa0d5e9000 	C:\Windows\System32\shcore.dll
0x00007ffa0c480000 - 0x00007ffa0cb8e000 	C:\Windows\System32\windows.storage.dll
0x00007ffa0ddd0000 - 0x00007ffa0de21000 	C:\Windows\System32\shlwapi.dll
0x00007ffa0c420000 - 0x00007ffa0c431000 	C:\Windows\System32\kernel.appcore.dll
0x00007ffa0c460000 - 0x00007ffa0c47f000 	C:\Windows\System32\profapi.dll
0x00007ffa0c3d0000 - 0x00007ffa0c41c000 	C:\Windows\System32\powrprof.dll
0x00007ffa0c3c0000 - 0x00007ffa0c3ca000 	C:\Windows\System32\FLTLIB.DLL
0x00007ffa06500000 - 0x00007ffa0651a000 	C:\Program Files\Android\Android Studio\jre\jre\bin\net.dll
0x00007ffa0bc40000 - 0x00007ffa0bca6000 	C:\Windows\system32\mswsock.dll
0x00007ffa064e0000 - 0x00007ffa064f1000 	C:\Program Files\Android\Android Studio\jre\jre\bin\nio.dll
0x00007ff9c5fe0000 - 0x00007ff9c6006000 	C:\Users\gustavomaia\.gradle\native\29\windows-amd64\native-platform.dll
0x00007ffa063b0000 - 0x00007ffa063bd000 	C:\Program Files\Android\Android Studio\jre\jre\bin\management.dll
0x00007ffa0be00000 - 0x00007ffa0be17000 	C:\Windows\SYSTEM32\CRYPTSP.dll
0x00007ffa0b5c0000 - 0x00007ffa0b5f3000 	C:\Windows\system32\rsaenh.dll
0x00007ffa0bf20000 - 0x00007ffa0bf45000 	C:\Windows\SYSTEM32\bcrypt.dll
0x00007ffa0c2c0000 - 0x00007ffa0c2e8000 	C:\Windows\SYSTEM32\USERENV.dll
0x00007ffa0bdf0000 - 0x00007ffa0bdfb000 	C:\Windows\SYSTEM32\CRYPTBASE.dll
0x00007ffa0b990000 - 0x00007ffa0b9c8000 	C:\Windows\SYSTEM32\IPHLPAPI.DLL
0x00007ffa0f820000 - 0x00007ffa0f828000 	C:\Windows\System32\NSI.dll
0x00007ffa05e50000 - 0x00007ffa05e66000 	C:\Windows\SYSTEM32\dhcpcsvc6.DLL
0x00007ffa05cb0000 - 0x00007ffa05cca000 	C:\Windows\SYSTEM32\dhcpcsvc.DLL

VM Arguments:
jvm_args: -Xmx1536m -Dfile.encoding=windows-1252 -Duser.country=PT -Duser.language=pt -Duser.variant 
java_command: org.gradle.launcher.daemon.bootstrap.GradleDaemon 5.4.1
java_class_path (initial): C:\Users\gustavomaia\.gradle\wrapper\dists\gradle-5.4.1-all\3221gyojl5jsh0helicew7rwx\gradle-5.4.1\lib\gradle-launcher-5.4.1.jar
Launcher Type: SUN_STANDARD

Environment Variables:
PATH=C:\Program Files\AdoptOpenJDK\jdk-11.0.4.11-hotspot\bin;C:\Program Files (x86)\Common Files\Oracle\Java\javapath;C:\Windows\system32;C:\Windows;C:\Windows\System32\Wbem;C:\Windows\System32\WindowsPowerShell\v1.0\;C:\Windows\System32\OpenSSH\;C:\Program Files\dotnet\;C:\Program Files\Microsoft SQL Server\130\Tools\Binn\;C:\Program Files\Microsoft SQL Server\Client SDK\ODBC\170\Tools\Binn\;C:\Users\gustavomaia\AppData\Local\Microsoft\WindowsApps;C:\Users\gustavomaia\AppData\Local\Programs\Git\cmd
USERNAME=gustavomaia
OS=Windows_NT
PROCESSOR_IDENTIFIER=Intel64 Family 6 Model 69 Stepping 1, GenuineIntel



---------------  S Y S T E M  ---------------

OS: Windows 10.0 , 64 bit Build 17134 (10.0.17134.753)

CPU:total 4 (initial active 4) (2 cores per cpu, 2 threads per core) family 6 model 69 stepping 1, cmov, cx8, fxsr, mmx, sse, sse2, sse3, ssse3, sse4.1, sse4.2, popcnt, avx, avx2, aes, clmul, erms, lzcnt, ht, tsc, tscinvbit, bmi1, bmi2

Memory: 4k page, physical 8315244k(470260k free), swap 33481068k(3224k free)

vm_info: OpenJDK 64-Bit Server VM (25.202-b03) for windows-amd64 JRE (1.8.0_202-release-1483-b03), built by "builder" with MS VC++ 10.0 (VS2010)

time: Thu Mar 05 14:18:47 2020
timezone: Hora padrão de GMT
elapsed time: 14 seconds (0d 0h 0m 14s)

